
=== /expenses query build ===
(sqlite3.OperationalError) no such column: expense_invoices.liability_account_code
[SQL: SELECT expense_invoices.id AS expense_invoices_id, expense_invoices.invoice_number AS expense_invoices_invoice_number, expense_invoices.date AS expense_invoices_date, expense_invoices.payment_method AS expense_invoices_payment_method, expense_invoices.total_before_tax AS expense_invoices_total_before_tax, expense_invoices.tax_amount AS expense_invoices_tax_amount, expense_invoices.discount_amount AS expense_invoices_discount_amount, expense_invoices.total_after_tax_discount AS expense_invoices_total_after_tax_discount, expense_invoices.status AS expense_invoices_status, expense_invoices.liability_account_code AS expense_invoices_liability_account_code, expense_invoices.created_at AS expense_invoices_created_at, expense_invoices.user_id AS expense_invoices_user_id 
FROM expense_invoices ORDER BY expense_invoices.date DESC
 LIMIT ? OFFSET ?]
[parameters: (50, 0)]
(Background on this error at: https://sqlalche.me/e/20/e3q8)
Traceback (most recent call last):
  File "C:\Users\DELL\AppData\Local\Packages\PythonSoftwareFoundation.Python.3.11_qbz5n2kfra8p0\LocalCache\local-packages\Python311\site-packages\sqlalchemy\engine\base.py", line 1965, in _exec_single_context
    self.dialect.do_execute(
  File "C:\Users\DELL\AppData\Local\Packages\PythonSoftwareFoundation.Python.3.11_qbz5n2kfra8p0\LocalCache\local-packages\Python311\site-packages\sqlalchemy\engine\default.py", line 921, in do_execute
    cursor.execute(statement, parameters)
sqlite3.OperationalError: no such column: expense_invoices.liability_account_code

The above exception was the direct cause of the following exception:

Traceback (most recent call last):
  File "C:\Users\DELL\Documents\augment-projects\CHINA TOWN-PLACE INDIA\routes\expenses.py", line 329, in expenses
    invs = ExpenseInvoice.query.order_by(ExpenseInvoice.date.desc()).limit(50).all()
           ^^^^^^^^^^^^^^^^^^^^^^^^^^^^^^^^^^^^^^^^^^^^^^^^^^^^^^^^^^^^^^^^^^^^^^^^^
  File "C:\Users\DELL\AppData\Local\Packages\PythonSoftwareFoundation.Python.3.11_qbz5n2kfra8p0\LocalCache\local-packages\Python311\site-packages\sqlalchemy\orm\query.py", line 2692, in all
    return self._iter().all()  # type: ignore
           ^^^^^^^^^^^^
  File "C:\Users\DELL\AppData\Local\Packages\PythonSoftwareFoundation.Python.3.11_qbz5n2kfra8p0\LocalCache\local-packages\Python311\site-packages\sqlalchemy\orm\query.py", line 2846, in _iter
    result: Union[ScalarResult[_T], Result[_T]] = self.session.execute(
                                                  ^^^^^^^^^^^^^^^^^^^^^
  File "C:\Users\DELL\AppData\Local\Packages\PythonSoftwareFoundation.Python.3.11_qbz5n2kfra8p0\LocalCache\local-packages\Python311\site-packages\sqlalchemy\orm\session.py", line 2225, in execute
    return self._execute_internal(
           ^^^^^^^^^^^^^^^^^^^^^^^
  File "C:\Users\DELL\AppData\Local\Packages\PythonSoftwareFoundation.Python.3.11_qbz5n2kfra8p0\LocalCache\local-packages\Python311\site-packages\sqlalchemy\orm\session.py", line 2120, in _execute_internal
    result: Result[Any] = compile_state_cls.orm_execute_statement(
                          ^^^^^^^^^^^^^^^^^^^^^^^^^^^^^^^^^^^^^^^^
  File "C:\Users\DELL\AppData\Local\Packages\PythonSoftwareFoundation.Python.3.11_qbz5n2kfra8p0\LocalCache\local-packages\Python311\site-packages\sqlalchemy\orm\context.py", line 293, in orm_execute_statement
    result = conn.execute(
             ^^^^^^^^^^^^^
  File "C:\Users\DELL\AppData\Local\Packages\PythonSoftwareFoundation.Python.3.11_qbz5n2kfra8p0\LocalCache\local-packages\Python311\site-packages\sqlalchemy\engine\base.py", line 1412, in execute
    return meth(
           ^^^^^
  File "C:\Users\DELL\AppData\Local\Packages\PythonSoftwareFoundation.Python.3.11_qbz5n2kfra8p0\LocalCache\local-packages\Python311\site-packages\sqlalchemy\sql\elements.py", line 483, in _execute_on_connection
    return connection._execute_clauseelement(
           ^^^^^^^^^^^^^^^^^^^^^^^^^^^^^^^^^^
  File "C:\Users\DELL\AppData\Local\Packages\PythonSoftwareFoundation.Python.3.11_qbz5n2kfra8p0\LocalCache\local-packages\Python311\site-packages\sqlalchemy\engine\base.py", line 1635, in _execute_clauseelement
    ret = self._execute_context(
          ^^^^^^^^^^^^^^^^^^^^^^
  File "C:\Users\DELL\AppData\Local\Packages\PythonSoftwareFoundation.Python.3.11_qbz5n2kfra8p0\LocalCache\local-packages\Python311\site-packages\sqlalchemy\engine\base.py", line 1844, in _execute_context
    return self._exec_single_context(
           ^^^^^^^^^^^^^^^^^^^^^^^^^^
  File "C:\Users\DELL\AppData\Local\Packages\PythonSoftwareFoundation.Python.3.11_qbz5n2kfra8p0\LocalCache\local-packages\Python311\site-packages\sqlalchemy\engine\base.py", line 1984, in _exec_single_context
    self._handle_dbapi_exception(
  File "C:\Users\DELL\AppData\Local\Packages\PythonSoftwareFoundation.Python.3.11_qbz5n2kfra8p0\LocalCache\local-packages\Python311\site-packages\sqlalchemy\engine\base.py", line 2339, in _handle_dbapi_exception
    raise sqlalchemy_exception.with_traceback(exc_info[2]) from e
  File "C:\Users\DELL\AppData\Local\Packages\PythonSoftwareFoundation.Python.3.11_qbz5n2kfra8p0\LocalCache\local-packages\Python311\site-packages\sqlalchemy\engine\base.py", line 1965, in _exec_single_context
    self.dialect.do_execute(
  File "C:\Users\DELL\AppData\Local\Packages\PythonSoftwareFoundation.Python.3.11_qbz5n2kfra8p0\LocalCache\local-packages\Python311\site-packages\sqlalchemy\engine\default.py", line 921, in do_execute
    cursor.execute(statement, parameters)
sqlalchemy.exc.OperationalError: (sqlite3.OperationalError) no such column: expense_invoices.liability_account_code
[SQL: SELECT expense_invoices.id AS expense_invoices_id, expense_invoices.invoice_number AS expense_invoices_invoice_number, expense_invoices.date AS expense_invoices_date, expense_invoices.payment_method AS expense_invoices_payment_method, expense_invoices.total_before_tax AS expense_invoices_total_before_tax, expense_invoices.tax_amount AS expense_invoices_tax_amount, expense_invoices.discount_amount AS expense_invoices_discount_amount, expense_invoices.total_after_tax_discount AS expense_invoices_total_after_tax_discount, expense_invoices.status AS expense_invoices_status, expense_invoices.liability_account_code AS expense_invoices_liability_account_code, expense_invoices.created_at AS expense_invoices_created_at, expense_invoices.user_id AS expense_invoices_user_id 
FROM expense_invoices ORDER BY expense_invoices.date DESC
 LIMIT ? OFFSET ?]
[parameters: (50, 0)]
(Background on this error at: https://sqlalche.me/e/20/e3q8)


=== /expenses query build ===
(sqlite3.OperationalError) no such column: expense_invoices.liability_account_code
[SQL: SELECT expense_invoices.id AS expense_invoices_id, expense_invoices.invoice_number AS expense_invoices_invoice_number, expense_invoices.date AS expense_invoices_date, expense_invoices.payment_method AS expense_invoices_payment_method, expense_invoices.total_before_tax AS expense_invoices_total_before_tax, expense_invoices.tax_amount AS expense_invoices_tax_amount, expense_invoices.discount_amount AS expense_invoices_discount_amount, expense_invoices.total_after_tax_discount AS expense_invoices_total_after_tax_discount, expense_invoices.status AS expense_invoices_status, expense_invoices.liability_account_code AS expense_invoices_liability_account_code, expense_invoices.created_at AS expense_invoices_created_at, expense_invoices.user_id AS expense_invoices_user_id 
FROM expense_invoices ORDER BY expense_invoices.date DESC
 LIMIT ? OFFSET ?]
[parameters: (50, 0)]
(Background on this error at: https://sqlalche.me/e/20/e3q8)
Traceback (most recent call last):
  File "C:\Users\DELL\AppData\Local\Packages\PythonSoftwareFoundation.Python.3.11_qbz5n2kfra8p0\LocalCache\local-packages\Python311\site-packages\sqlalchemy\engine\base.py", line 1965, in _exec_single_context
    self.dialect.do_execute(
  File "C:\Users\DELL\AppData\Local\Packages\PythonSoftwareFoundation.Python.3.11_qbz5n2kfra8p0\LocalCache\local-packages\Python311\site-packages\sqlalchemy\engine\default.py", line 921, in do_execute
    cursor.execute(statement, parameters)
sqlite3.OperationalError: no such column: expense_invoices.liability_account_code

The above exception was the direct cause of the following exception:

Traceback (most recent call last):
  File "C:\Users\DELL\Documents\augment-projects\CHINA TOWN-PLACE INDIA\routes\expenses.py", line 329, in expenses
    invs = ExpenseInvoice.query.order_by(ExpenseInvoice.date.desc()).limit(50).all()
           ^^^^^^^^^^^^^^^^^^^^^^^^^^^^^^^^^^^^^^^^^^^^^^^^^^^^^^^^^^^^^^^^^^^^^^^^^
  File "C:\Users\DELL\AppData\Local\Packages\PythonSoftwareFoundation.Python.3.11_qbz5n2kfra8p0\LocalCache\local-packages\Python311\site-packages\sqlalchemy\orm\query.py", line 2692, in all
    return self._iter().all()  # type: ignore
           ^^^^^^^^^^^^
  File "C:\Users\DELL\AppData\Local\Packages\PythonSoftwareFoundation.Python.3.11_qbz5n2kfra8p0\LocalCache\local-packages\Python311\site-packages\sqlalchemy\orm\query.py", line 2846, in _iter
    result: Union[ScalarResult[_T], Result[_T]] = self.session.execute(
                                                  ^^^^^^^^^^^^^^^^^^^^^
  File "C:\Users\DELL\AppData\Local\Packages\PythonSoftwareFoundation.Python.3.11_qbz5n2kfra8p0\LocalCache\local-packages\Python311\site-packages\sqlalchemy\orm\session.py", line 2225, in execute
    return self._execute_internal(
           ^^^^^^^^^^^^^^^^^^^^^^^
  File "C:\Users\DELL\AppData\Local\Packages\PythonSoftwareFoundation.Python.3.11_qbz5n2kfra8p0\LocalCache\local-packages\Python311\site-packages\sqlalchemy\orm\session.py", line 2120, in _execute_internal
    result: Result[Any] = compile_state_cls.orm_execute_statement(
                          ^^^^^^^^^^^^^^^^^^^^^^^^^^^^^^^^^^^^^^^^
  File "C:\Users\DELL\AppData\Local\Packages\PythonSoftwareFoundation.Python.3.11_qbz5n2kfra8p0\LocalCache\local-packages\Python311\site-packages\sqlalchemy\orm\context.py", line 293, in orm_execute_statement
    result = conn.execute(
             ^^^^^^^^^^^^^
  File "C:\Users\DELL\AppData\Local\Packages\PythonSoftwareFoundation.Python.3.11_qbz5n2kfra8p0\LocalCache\local-packages\Python311\site-packages\sqlalchemy\engine\base.py", line 1412, in execute
    return meth(
           ^^^^^
  File "C:\Users\DELL\AppData\Local\Packages\PythonSoftwareFoundation.Python.3.11_qbz5n2kfra8p0\LocalCache\local-packages\Python311\site-packages\sqlalchemy\sql\elements.py", line 483, in _execute_on_connection
    return connection._execute_clauseelement(
           ^^^^^^^^^^^^^^^^^^^^^^^^^^^^^^^^^^
  File "C:\Users\DELL\AppData\Local\Packages\PythonSoftwareFoundation.Python.3.11_qbz5n2kfra8p0\LocalCache\local-packages\Python311\site-packages\sqlalchemy\engine\base.py", line 1635, in _execute_clauseelement
    ret = self._execute_context(
          ^^^^^^^^^^^^^^^^^^^^^^
  File "C:\Users\DELL\AppData\Local\Packages\PythonSoftwareFoundation.Python.3.11_qbz5n2kfra8p0\LocalCache\local-packages\Python311\site-packages\sqlalchemy\engine\base.py", line 1844, in _execute_context
    return self._exec_single_context(
           ^^^^^^^^^^^^^^^^^^^^^^^^^^
  File "C:\Users\DELL\AppData\Local\Packages\PythonSoftwareFoundation.Python.3.11_qbz5n2kfra8p0\LocalCache\local-packages\Python311\site-packages\sqlalchemy\engine\base.py", line 1984, in _exec_single_context
    self._handle_dbapi_exception(
  File "C:\Users\DELL\AppData\Local\Packages\PythonSoftwareFoundation.Python.3.11_qbz5n2kfra8p0\LocalCache\local-packages\Python311\site-packages\sqlalchemy\engine\base.py", line 2339, in _handle_dbapi_exception
    raise sqlalchemy_exception.with_traceback(exc_info[2]) from e
  File "C:\Users\DELL\AppData\Local\Packages\PythonSoftwareFoundation.Python.3.11_qbz5n2kfra8p0\LocalCache\local-packages\Python311\site-packages\sqlalchemy\engine\base.py", line 1965, in _exec_single_context
    self.dialect.do_execute(
  File "C:\Users\DELL\AppData\Local\Packages\PythonSoftwareFoundation.Python.3.11_qbz5n2kfra8p0\LocalCache\local-packages\Python311\site-packages\sqlalchemy\engine\default.py", line 921, in do_execute
    cursor.execute(statement, parameters)
sqlalchemy.exc.OperationalError: (sqlite3.OperationalError) no such column: expense_invoices.liability_account_code
[SQL: SELECT expense_invoices.id AS expense_invoices_id, expense_invoices.invoice_number AS expense_invoices_invoice_number, expense_invoices.date AS expense_invoices_date, expense_invoices.payment_method AS expense_invoices_payment_method, expense_invoices.total_before_tax AS expense_invoices_total_before_tax, expense_invoices.tax_amount AS expense_invoices_tax_amount, expense_invoices.discount_amount AS expense_invoices_discount_amount, expense_invoices.total_after_tax_discount AS expense_invoices_total_after_tax_discount, expense_invoices.status AS expense_invoices_status, expense_invoices.liability_account_code AS expense_invoices_liability_account_code, expense_invoices.created_at AS expense_invoices_created_at, expense_invoices.user_id AS expense_invoices_user_id 
FROM expense_invoices ORDER BY expense_invoices.date DESC
 LIMIT ? OFFSET ?]
[parameters: (50, 0)]
(Background on this error at: https://sqlalche.me/e/20/e3q8)


=== /expenses query build ===
(sqlite3.OperationalError) no such column: expense_invoices.liability_account_code
[SQL: SELECT expense_invoices.id AS expense_invoices_id, expense_invoices.invoice_number AS expense_invoices_invoice_number, expense_invoices.date AS expense_invoices_date, expense_invoices.payment_method AS expense_invoices_payment_method, expense_invoices.total_before_tax AS expense_invoices_total_before_tax, expense_invoices.tax_amount AS expense_invoices_tax_amount, expense_invoices.discount_amount AS expense_invoices_discount_amount, expense_invoices.total_after_tax_discount AS expense_invoices_total_after_tax_discount, expense_invoices.status AS expense_invoices_status, expense_invoices.liability_account_code AS expense_invoices_liability_account_code, expense_invoices.created_at AS expense_invoices_created_at, expense_invoices.user_id AS expense_invoices_user_id 
FROM expense_invoices ORDER BY expense_invoices.date DESC
 LIMIT ? OFFSET ?]
[parameters: (50, 0)]
(Background on this error at: https://sqlalche.me/e/20/e3q8)
Traceback (most recent call last):
  File "C:\Users\DELL\AppData\Local\Packages\PythonSoftwareFoundation.Python.3.11_qbz5n2kfra8p0\LocalCache\local-packages\Python311\site-packages\sqlalchemy\engine\base.py", line 1965, in _exec_single_context
    self.dialect.do_execute(
  File "C:\Users\DELL\AppData\Local\Packages\PythonSoftwareFoundation.Python.3.11_qbz5n2kfra8p0\LocalCache\local-packages\Python311\site-packages\sqlalchemy\engine\default.py", line 921, in do_execute
    cursor.execute(statement, parameters)
sqlite3.OperationalError: no such column: expense_invoices.liability_account_code

The above exception was the direct cause of the following exception:

Traceback (most recent call last):
  File "C:\Users\DELL\Documents\augment-projects\CHINA TOWN-PLACE INDIA\routes\expenses.py", line 329, in expenses
    invs = ExpenseInvoice.query.order_by(ExpenseInvoice.date.desc()).limit(50).all()
           ^^^^^^^^^^^^^^^^^^^^^^^^^^^^^^^^^^^^^^^^^^^^^^^^^^^^^^^^^^^^^^^^^^^^^^^^^
  File "C:\Users\DELL\AppData\Local\Packages\PythonSoftwareFoundation.Python.3.11_qbz5n2kfra8p0\LocalCache\local-packages\Python311\site-packages\sqlalchemy\orm\query.py", line 2692, in all
    return self._iter().all()  # type: ignore
           ^^^^^^^^^^^^
  File "C:\Users\DELL\AppData\Local\Packages\PythonSoftwareFoundation.Python.3.11_qbz5n2kfra8p0\LocalCache\local-packages\Python311\site-packages\sqlalchemy\orm\query.py", line 2846, in _iter
    result: Union[ScalarResult[_T], Result[_T]] = self.session.execute(
                                                  ^^^^^^^^^^^^^^^^^^^^^
  File "C:\Users\DELL\AppData\Local\Packages\PythonSoftwareFoundation.Python.3.11_qbz5n2kfra8p0\LocalCache\local-packages\Python311\site-packages\sqlalchemy\orm\session.py", line 2225, in execute
    return self._execute_internal(
           ^^^^^^^^^^^^^^^^^^^^^^^
  File "C:\Users\DELL\AppData\Local\Packages\PythonSoftwareFoundation.Python.3.11_qbz5n2kfra8p0\LocalCache\local-packages\Python311\site-packages\sqlalchemy\orm\session.py", line 2120, in _execute_internal
    result: Result[Any] = compile_state_cls.orm_execute_statement(
                          ^^^^^^^^^^^^^^^^^^^^^^^^^^^^^^^^^^^^^^^^
  File "C:\Users\DELL\AppData\Local\Packages\PythonSoftwareFoundation.Python.3.11_qbz5n2kfra8p0\LocalCache\local-packages\Python311\site-packages\sqlalchemy\orm\context.py", line 293, in orm_execute_statement
    result = conn.execute(
             ^^^^^^^^^^^^^
  File "C:\Users\DELL\AppData\Local\Packages\PythonSoftwareFoundation.Python.3.11_qbz5n2kfra8p0\LocalCache\local-packages\Python311\site-packages\sqlalchemy\engine\base.py", line 1412, in execute
    return meth(
           ^^^^^
  File "C:\Users\DELL\AppData\Local\Packages\PythonSoftwareFoundation.Python.3.11_qbz5n2kfra8p0\LocalCache\local-packages\Python311\site-packages\sqlalchemy\sql\elements.py", line 483, in _execute_on_connection
    return connection._execute_clauseelement(
           ^^^^^^^^^^^^^^^^^^^^^^^^^^^^^^^^^^
  File "C:\Users\DELL\AppData\Local\Packages\PythonSoftwareFoundation.Python.3.11_qbz5n2kfra8p0\LocalCache\local-packages\Python311\site-packages\sqlalchemy\engine\base.py", line 1635, in _execute_clauseelement
    ret = self._execute_context(
          ^^^^^^^^^^^^^^^^^^^^^^
  File "C:\Users\DELL\AppData\Local\Packages\PythonSoftwareFoundation.Python.3.11_qbz5n2kfra8p0\LocalCache\local-packages\Python311\site-packages\sqlalchemy\engine\base.py", line 1844, in _execute_context
    return self._exec_single_context(
           ^^^^^^^^^^^^^^^^^^^^^^^^^^
  File "C:\Users\DELL\AppData\Local\Packages\PythonSoftwareFoundation.Python.3.11_qbz5n2kfra8p0\LocalCache\local-packages\Python311\site-packages\sqlalchemy\engine\base.py", line 1984, in _exec_single_context
    self._handle_dbapi_exception(
  File "C:\Users\DELL\AppData\Local\Packages\PythonSoftwareFoundation.Python.3.11_qbz5n2kfra8p0\LocalCache\local-packages\Python311\site-packages\sqlalchemy\engine\base.py", line 2339, in _handle_dbapi_exception
    raise sqlalchemy_exception.with_traceback(exc_info[2]) from e
  File "C:\Users\DELL\AppData\Local\Packages\PythonSoftwareFoundation.Python.3.11_qbz5n2kfra8p0\LocalCache\local-packages\Python311\site-packages\sqlalchemy\engine\base.py", line 1965, in _exec_single_context
    self.dialect.do_execute(
  File "C:\Users\DELL\AppData\Local\Packages\PythonSoftwareFoundation.Python.3.11_qbz5n2kfra8p0\LocalCache\local-packages\Python311\site-packages\sqlalchemy\engine\default.py", line 921, in do_execute
    cursor.execute(statement, parameters)
sqlalchemy.exc.OperationalError: (sqlite3.OperationalError) no such column: expense_invoices.liability_account_code
[SQL: SELECT expense_invoices.id AS expense_invoices_id, expense_invoices.invoice_number AS expense_invoices_invoice_number, expense_invoices.date AS expense_invoices_date, expense_invoices.payment_method AS expense_invoices_payment_method, expense_invoices.total_before_tax AS expense_invoices_total_before_tax, expense_invoices.tax_amount AS expense_invoices_tax_amount, expense_invoices.discount_amount AS expense_invoices_discount_amount, expense_invoices.total_after_tax_discount AS expense_invoices_total_after_tax_discount, expense_invoices.status AS expense_invoices_status, expense_invoices.liability_account_code AS expense_invoices_liability_account_code, expense_invoices.created_at AS expense_invoices_created_at, expense_invoices.user_id AS expense_invoices_user_id 
FROM expense_invoices ORDER BY expense_invoices.date DESC
 LIMIT ? OFFSET ?]
[parameters: (50, 0)]
(Background on this error at: https://sqlalche.me/e/20/e3q8)


=== /expenses query build ===
(sqlite3.OperationalError) no such column: expense_invoices.liability_account_code
[SQL: SELECT expense_invoices.id AS expense_invoices_id, expense_invoices.invoice_number AS expense_invoices_invoice_number, expense_invoices.date AS expense_invoices_date, expense_invoices.payment_method AS expense_invoices_payment_method, expense_invoices.total_before_tax AS expense_invoices_total_before_tax, expense_invoices.tax_amount AS expense_invoices_tax_amount, expense_invoices.discount_amount AS expense_invoices_discount_amount, expense_invoices.total_after_tax_discount AS expense_invoices_total_after_tax_discount, expense_invoices.status AS expense_invoices_status, expense_invoices.liability_account_code AS expense_invoices_liability_account_code, expense_invoices.created_at AS expense_invoices_created_at, expense_invoices.user_id AS expense_invoices_user_id 
FROM expense_invoices ORDER BY expense_invoices.date DESC
 LIMIT ? OFFSET ?]
[parameters: (50, 0)]
(Background on this error at: https://sqlalche.me/e/20/e3q8)
Traceback (most recent call last):
  File "C:\Users\DELL\AppData\Local\Packages\PythonSoftwareFoundation.Python.3.11_qbz5n2kfra8p0\LocalCache\local-packages\Python311\site-packages\sqlalchemy\engine\base.py", line 1965, in _exec_single_context
    self.dialect.do_execute(
  File "C:\Users\DELL\AppData\Local\Packages\PythonSoftwareFoundation.Python.3.11_qbz5n2kfra8p0\LocalCache\local-packages\Python311\site-packages\sqlalchemy\engine\default.py", line 921, in do_execute
    cursor.execute(statement, parameters)
sqlite3.OperationalError: no such column: expense_invoices.liability_account_code

The above exception was the direct cause of the following exception:

Traceback (most recent call last):
  File "C:\Users\DELL\Documents\augment-projects\CHINA TOWN-PLACE INDIA\routes\expenses.py", line 329, in expenses
    invs = ExpenseInvoice.query.order_by(ExpenseInvoice.date.desc()).limit(50).all()
           ^^^^^^^^^^^^^^^^^^^^^^^^^^^^^^^^^^^^^^^^^^^^^^^^^^^^^^^^^^^^^^^^^^^^^^^^^
  File "C:\Users\DELL\AppData\Local\Packages\PythonSoftwareFoundation.Python.3.11_qbz5n2kfra8p0\LocalCache\local-packages\Python311\site-packages\sqlalchemy\orm\query.py", line 2692, in all
    return self._iter().all()  # type: ignore
           ^^^^^^^^^^^^
  File "C:\Users\DELL\AppData\Local\Packages\PythonSoftwareFoundation.Python.3.11_qbz5n2kfra8p0\LocalCache\local-packages\Python311\site-packages\sqlalchemy\orm\query.py", line 2846, in _iter
    result: Union[ScalarResult[_T], Result[_T]] = self.session.execute(
                                                  ^^^^^^^^^^^^^^^^^^^^^
  File "C:\Users\DELL\AppData\Local\Packages\PythonSoftwareFoundation.Python.3.11_qbz5n2kfra8p0\LocalCache\local-packages\Python311\site-packages\sqlalchemy\orm\session.py", line 2225, in execute
    return self._execute_internal(
           ^^^^^^^^^^^^^^^^^^^^^^^
  File "C:\Users\DELL\AppData\Local\Packages\PythonSoftwareFoundation.Python.3.11_qbz5n2kfra8p0\LocalCache\local-packages\Python311\site-packages\sqlalchemy\orm\session.py", line 2120, in _execute_internal
    result: Result[Any] = compile_state_cls.orm_execute_statement(
                          ^^^^^^^^^^^^^^^^^^^^^^^^^^^^^^^^^^^^^^^^
  File "C:\Users\DELL\AppData\Local\Packages\PythonSoftwareFoundation.Python.3.11_qbz5n2kfra8p0\LocalCache\local-packages\Python311\site-packages\sqlalchemy\orm\context.py", line 293, in orm_execute_statement
    result = conn.execute(
             ^^^^^^^^^^^^^
  File "C:\Users\DELL\AppData\Local\Packages\PythonSoftwareFoundation.Python.3.11_qbz5n2kfra8p0\LocalCache\local-packages\Python311\site-packages\sqlalchemy\engine\base.py", line 1412, in execute
    return meth(
           ^^^^^
  File "C:\Users\DELL\AppData\Local\Packages\PythonSoftwareFoundation.Python.3.11_qbz5n2kfra8p0\LocalCache\local-packages\Python311\site-packages\sqlalchemy\sql\elements.py", line 483, in _execute_on_connection
    return connection._execute_clauseelement(
           ^^^^^^^^^^^^^^^^^^^^^^^^^^^^^^^^^^
  File "C:\Users\DELL\AppData\Local\Packages\PythonSoftwareFoundation.Python.3.11_qbz5n2kfra8p0\LocalCache\local-packages\Python311\site-packages\sqlalchemy\engine\base.py", line 1635, in _execute_clauseelement
    ret = self._execute_context(
          ^^^^^^^^^^^^^^^^^^^^^^
  File "C:\Users\DELL\AppData\Local\Packages\PythonSoftwareFoundation.Python.3.11_qbz5n2kfra8p0\LocalCache\local-packages\Python311\site-packages\sqlalchemy\engine\base.py", line 1844, in _execute_context
    return self._exec_single_context(
           ^^^^^^^^^^^^^^^^^^^^^^^^^^
  File "C:\Users\DELL\AppData\Local\Packages\PythonSoftwareFoundation.Python.3.11_qbz5n2kfra8p0\LocalCache\local-packages\Python311\site-packages\sqlalchemy\engine\base.py", line 1984, in _exec_single_context
    self._handle_dbapi_exception(
  File "C:\Users\DELL\AppData\Local\Packages\PythonSoftwareFoundation.Python.3.11_qbz5n2kfra8p0\LocalCache\local-packages\Python311\site-packages\sqlalchemy\engine\base.py", line 2339, in _handle_dbapi_exception
    raise sqlalchemy_exception.with_traceback(exc_info[2]) from e
  File "C:\Users\DELL\AppData\Local\Packages\PythonSoftwareFoundation.Python.3.11_qbz5n2kfra8p0\LocalCache\local-packages\Python311\site-packages\sqlalchemy\engine\base.py", line 1965, in _exec_single_context
    self.dialect.do_execute(
  File "C:\Users\DELL\AppData\Local\Packages\PythonSoftwareFoundation.Python.3.11_qbz5n2kfra8p0\LocalCache\local-packages\Python311\site-packages\sqlalchemy\engine\default.py", line 921, in do_execute
    cursor.execute(statement, parameters)
sqlalchemy.exc.OperationalError: (sqlite3.OperationalError) no such column: expense_invoices.liability_account_code
[SQL: SELECT expense_invoices.id AS expense_invoices_id, expense_invoices.invoice_number AS expense_invoices_invoice_number, expense_invoices.date AS expense_invoices_date, expense_invoices.payment_method AS expense_invoices_payment_method, expense_invoices.total_before_tax AS expense_invoices_total_before_tax, expense_invoices.tax_amount AS expense_invoices_tax_amount, expense_invoices.discount_amount AS expense_invoices_discount_amount, expense_invoices.total_after_tax_discount AS expense_invoices_total_after_tax_discount, expense_invoices.status AS expense_invoices_status, expense_invoices.liability_account_code AS expense_invoices_liability_account_code, expense_invoices.created_at AS expense_invoices_created_at, expense_invoices.user_id AS expense_invoices_user_id 
FROM expense_invoices ORDER BY expense_invoices.date DESC
 LIMIT ? OFFSET ?]
[parameters: (50, 0)]
(Background on this error at: https://sqlalche.me/e/20/e3q8)


=== /expenses query build ===
(sqlite3.OperationalError) no such column: expense_invoices.liability_account_code
[SQL: SELECT expense_invoices.id AS expense_invoices_id, expense_invoices.invoice_number AS expense_invoices_invoice_number, expense_invoices.date AS expense_invoices_date, expense_invoices.payment_method AS expense_invoices_payment_method, expense_invoices.total_before_tax AS expense_invoices_total_before_tax, expense_invoices.tax_amount AS expense_invoices_tax_amount, expense_invoices.discount_amount AS expense_invoices_discount_amount, expense_invoices.total_after_tax_discount AS expense_invoices_total_after_tax_discount, expense_invoices.status AS expense_invoices_status, expense_invoices.liability_account_code AS expense_invoices_liability_account_code, expense_invoices.created_at AS expense_invoices_created_at, expense_invoices.user_id AS expense_invoices_user_id 
FROM expense_invoices ORDER BY expense_invoices.date DESC
 LIMIT ? OFFSET ?]
[parameters: (50, 0)]
(Background on this error at: https://sqlalche.me/e/20/e3q8)
Traceback (most recent call last):
  File "C:\Users\DELL\AppData\Local\Packages\PythonSoftwareFoundation.Python.3.11_qbz5n2kfra8p0\LocalCache\local-packages\Python311\site-packages\sqlalchemy\engine\base.py", line 1965, in _exec_single_context
    self.dialect.do_execute(
  File "C:\Users\DELL\AppData\Local\Packages\PythonSoftwareFoundation.Python.3.11_qbz5n2kfra8p0\LocalCache\local-packages\Python311\site-packages\sqlalchemy\engine\default.py", line 921, in do_execute
    cursor.execute(statement, parameters)
sqlite3.OperationalError: no such column: expense_invoices.liability_account_code

The above exception was the direct cause of the following exception:

Traceback (most recent call last):
  File "C:\Users\DELL\Documents\augment-projects\CHINA TOWN-PLACE INDIA\routes\expenses.py", line 337, in expenses
    invs = ExpenseInvoice.query.order_by(ExpenseInvoice.date.desc()).limit(50).all()
           ^^^^^^^^^^^^^^^^^^^^^^^^^^^^^^^^^^^^^^^^^^^^^^^^^^^^^^^^^^^^^^^^^^^^^^^^^
  File "C:\Users\DELL\AppData\Local\Packages\PythonSoftwareFoundation.Python.3.11_qbz5n2kfra8p0\LocalCache\local-packages\Python311\site-packages\sqlalchemy\orm\query.py", line 2692, in all
    return self._iter().all()  # type: ignore
           ^^^^^^^^^^^^
  File "C:\Users\DELL\AppData\Local\Packages\PythonSoftwareFoundation.Python.3.11_qbz5n2kfra8p0\LocalCache\local-packages\Python311\site-packages\sqlalchemy\orm\query.py", line 2846, in _iter
    result: Union[ScalarResult[_T], Result[_T]] = self.session.execute(
                                                  ^^^^^^^^^^^^^^^^^^^^^
  File "C:\Users\DELL\AppData\Local\Packages\PythonSoftwareFoundation.Python.3.11_qbz5n2kfra8p0\LocalCache\local-packages\Python311\site-packages\sqlalchemy\orm\session.py", line 2225, in execute
    return self._execute_internal(
           ^^^^^^^^^^^^^^^^^^^^^^^
  File "C:\Users\DELL\AppData\Local\Packages\PythonSoftwareFoundation.Python.3.11_qbz5n2kfra8p0\LocalCache\local-packages\Python311\site-packages\sqlalchemy\orm\session.py", line 2120, in _execute_internal
    result: Result[Any] = compile_state_cls.orm_execute_statement(
                          ^^^^^^^^^^^^^^^^^^^^^^^^^^^^^^^^^^^^^^^^
  File "C:\Users\DELL\AppData\Local\Packages\PythonSoftwareFoundation.Python.3.11_qbz5n2kfra8p0\LocalCache\local-packages\Python311\site-packages\sqlalchemy\orm\context.py", line 293, in orm_execute_statement
    result = conn.execute(
             ^^^^^^^^^^^^^
  File "C:\Users\DELL\AppData\Local\Packages\PythonSoftwareFoundation.Python.3.11_qbz5n2kfra8p0\LocalCache\local-packages\Python311\site-packages\sqlalchemy\engine\base.py", line 1412, in execute
    return meth(
           ^^^^^
  File "C:\Users\DELL\AppData\Local\Packages\PythonSoftwareFoundation.Python.3.11_qbz5n2kfra8p0\LocalCache\local-packages\Python311\site-packages\sqlalchemy\sql\elements.py", line 483, in _execute_on_connection
    return connection._execute_clauseelement(
           ^^^^^^^^^^^^^^^^^^^^^^^^^^^^^^^^^^
  File "C:\Users\DELL\AppData\Local\Packages\PythonSoftwareFoundation.Python.3.11_qbz5n2kfra8p0\LocalCache\local-packages\Python311\site-packages\sqlalchemy\engine\base.py", line 1635, in _execute_clauseelement
    ret = self._execute_context(
          ^^^^^^^^^^^^^^^^^^^^^^
  File "C:\Users\DELL\AppData\Local\Packages\PythonSoftwareFoundation.Python.3.11_qbz5n2kfra8p0\LocalCache\local-packages\Python311\site-packages\sqlalchemy\engine\base.py", line 1844, in _execute_context
    return self._exec_single_context(
           ^^^^^^^^^^^^^^^^^^^^^^^^^^
  File "C:\Users\DELL\AppData\Local\Packages\PythonSoftwareFoundation.Python.3.11_qbz5n2kfra8p0\LocalCache\local-packages\Python311\site-packages\sqlalchemy\engine\base.py", line 1984, in _exec_single_context
    self._handle_dbapi_exception(
  File "C:\Users\DELL\AppData\Local\Packages\PythonSoftwareFoundation.Python.3.11_qbz5n2kfra8p0\LocalCache\local-packages\Python311\site-packages\sqlalchemy\engine\base.py", line 2339, in _handle_dbapi_exception
    raise sqlalchemy_exception.with_traceback(exc_info[2]) from e
  File "C:\Users\DELL\AppData\Local\Packages\PythonSoftwareFoundation.Python.3.11_qbz5n2kfra8p0\LocalCache\local-packages\Python311\site-packages\sqlalchemy\engine\base.py", line 1965, in _exec_single_context
    self.dialect.do_execute(
  File "C:\Users\DELL\AppData\Local\Packages\PythonSoftwareFoundation.Python.3.11_qbz5n2kfra8p0\LocalCache\local-packages\Python311\site-packages\sqlalchemy\engine\default.py", line 921, in do_execute
    cursor.execute(statement, parameters)
sqlalchemy.exc.OperationalError: (sqlite3.OperationalError) no such column: expense_invoices.liability_account_code
[SQL: SELECT expense_invoices.id AS expense_invoices_id, expense_invoices.invoice_number AS expense_invoices_invoice_number, expense_invoices.date AS expense_invoices_date, expense_invoices.payment_method AS expense_invoices_payment_method, expense_invoices.total_before_tax AS expense_invoices_total_before_tax, expense_invoices.tax_amount AS expense_invoices_tax_amount, expense_invoices.discount_amount AS expense_invoices_discount_amount, expense_invoices.total_after_tax_discount AS expense_invoices_total_after_tax_discount, expense_invoices.status AS expense_invoices_status, expense_invoices.liability_account_code AS expense_invoices_liability_account_code, expense_invoices.created_at AS expense_invoices_created_at, expense_invoices.user_id AS expense_invoices_user_id 
FROM expense_invoices ORDER BY expense_invoices.date DESC
 LIMIT ? OFFSET ?]
[parameters: (50, 0)]
(Background on this error at: https://sqlalche.me/e/20/e3q8)


=== /expenses query build ===
(sqlite3.OperationalError) no such column: expense_invoices.liability_account_code
[SQL: SELECT expense_invoices.id AS expense_invoices_id, expense_invoices.invoice_number AS expense_invoices_invoice_number, expense_invoices.date AS expense_invoices_date, expense_invoices.payment_method AS expense_invoices_payment_method, expense_invoices.total_before_tax AS expense_invoices_total_before_tax, expense_invoices.tax_amount AS expense_invoices_tax_amount, expense_invoices.discount_amount AS expense_invoices_discount_amount, expense_invoices.total_after_tax_discount AS expense_invoices_total_after_tax_discount, expense_invoices.status AS expense_invoices_status, expense_invoices.liability_account_code AS expense_invoices_liability_account_code, expense_invoices.created_at AS expense_invoices_created_at, expense_invoices.user_id AS expense_invoices_user_id 
FROM expense_invoices ORDER BY expense_invoices.date DESC
 LIMIT ? OFFSET ?]
[parameters: (50, 0)]
(Background on this error at: https://sqlalche.me/e/20/e3q8)
Traceback (most recent call last):
  File "C:\Users\DELL\AppData\Local\Packages\PythonSoftwareFoundation.Python.3.11_qbz5n2kfra8p0\LocalCache\local-packages\Python311\site-packages\sqlalchemy\engine\base.py", line 1965, in _exec_single_context
    self.dialect.do_execute(
  File "C:\Users\DELL\AppData\Local\Packages\PythonSoftwareFoundation.Python.3.11_qbz5n2kfra8p0\LocalCache\local-packages\Python311\site-packages\sqlalchemy\engine\default.py", line 921, in do_execute
    cursor.execute(statement, parameters)
sqlite3.OperationalError: no such column: expense_invoices.liability_account_code

The above exception was the direct cause of the following exception:

Traceback (most recent call last):
  File "C:\Users\DELL\Documents\augment-projects\CHINA TOWN-PLACE INDIA\routes\expenses.py", line 337, in expenses
    invs = ExpenseInvoice.query.order_by(ExpenseInvoice.date.desc()).limit(50).all()
           ^^^^^^^^^^^^^^^^^^^^^^^^^^^^^^^^^^^^^^^^^^^^^^^^^^^^^^^^^^^^^^^^^^^^^^^^^
  File "C:\Users\DELL\AppData\Local\Packages\PythonSoftwareFoundation.Python.3.11_qbz5n2kfra8p0\LocalCache\local-packages\Python311\site-packages\sqlalchemy\orm\query.py", line 2692, in all
    return self._iter().all()  # type: ignore
           ^^^^^^^^^^^^
  File "C:\Users\DELL\AppData\Local\Packages\PythonSoftwareFoundation.Python.3.11_qbz5n2kfra8p0\LocalCache\local-packages\Python311\site-packages\sqlalchemy\orm\query.py", line 2846, in _iter
    result: Union[ScalarResult[_T], Result[_T]] = self.session.execute(
                                                  ^^^^^^^^^^^^^^^^^^^^^
  File "C:\Users\DELL\AppData\Local\Packages\PythonSoftwareFoundation.Python.3.11_qbz5n2kfra8p0\LocalCache\local-packages\Python311\site-packages\sqlalchemy\orm\session.py", line 2225, in execute
    return self._execute_internal(
           ^^^^^^^^^^^^^^^^^^^^^^^
  File "C:\Users\DELL\AppData\Local\Packages\PythonSoftwareFoundation.Python.3.11_qbz5n2kfra8p0\LocalCache\local-packages\Python311\site-packages\sqlalchemy\orm\session.py", line 2120, in _execute_internal
    result: Result[Any] = compile_state_cls.orm_execute_statement(
                          ^^^^^^^^^^^^^^^^^^^^^^^^^^^^^^^^^^^^^^^^
  File "C:\Users\DELL\AppData\Local\Packages\PythonSoftwareFoundation.Python.3.11_qbz5n2kfra8p0\LocalCache\local-packages\Python311\site-packages\sqlalchemy\orm\context.py", line 293, in orm_execute_statement
    result = conn.execute(
             ^^^^^^^^^^^^^
  File "C:\Users\DELL\AppData\Local\Packages\PythonSoftwareFoundation.Python.3.11_qbz5n2kfra8p0\LocalCache\local-packages\Python311\site-packages\sqlalchemy\engine\base.py", line 1412, in execute
    return meth(
           ^^^^^
  File "C:\Users\DELL\AppData\Local\Packages\PythonSoftwareFoundation.Python.3.11_qbz5n2kfra8p0\LocalCache\local-packages\Python311\site-packages\sqlalchemy\sql\elements.py", line 483, in _execute_on_connection
    return connection._execute_clauseelement(
           ^^^^^^^^^^^^^^^^^^^^^^^^^^^^^^^^^^
  File "C:\Users\DELL\AppData\Local\Packages\PythonSoftwareFoundation.Python.3.11_qbz5n2kfra8p0\LocalCache\local-packages\Python311\site-packages\sqlalchemy\engine\base.py", line 1635, in _execute_clauseelement
    ret = self._execute_context(
          ^^^^^^^^^^^^^^^^^^^^^^
  File "C:\Users\DELL\AppData\Local\Packages\PythonSoftwareFoundation.Python.3.11_qbz5n2kfra8p0\LocalCache\local-packages\Python311\site-packages\sqlalchemy\engine\base.py", line 1844, in _execute_context
    return self._exec_single_context(
           ^^^^^^^^^^^^^^^^^^^^^^^^^^
  File "C:\Users\DELL\AppData\Local\Packages\PythonSoftwareFoundation.Python.3.11_qbz5n2kfra8p0\LocalCache\local-packages\Python311\site-packages\sqlalchemy\engine\base.py", line 1984, in _exec_single_context
    self._handle_dbapi_exception(
  File "C:\Users\DELL\AppData\Local\Packages\PythonSoftwareFoundation.Python.3.11_qbz5n2kfra8p0\LocalCache\local-packages\Python311\site-packages\sqlalchemy\engine\base.py", line 2339, in _handle_dbapi_exception
    raise sqlalchemy_exception.with_traceback(exc_info[2]) from e
  File "C:\Users\DELL\AppData\Local\Packages\PythonSoftwareFoundation.Python.3.11_qbz5n2kfra8p0\LocalCache\local-packages\Python311\site-packages\sqlalchemy\engine\base.py", line 1965, in _exec_single_context
    self.dialect.do_execute(
  File "C:\Users\DELL\AppData\Local\Packages\PythonSoftwareFoundation.Python.3.11_qbz5n2kfra8p0\LocalCache\local-packages\Python311\site-packages\sqlalchemy\engine\default.py", line 921, in do_execute
    cursor.execute(statement, parameters)
sqlalchemy.exc.OperationalError: (sqlite3.OperationalError) no such column: expense_invoices.liability_account_code
[SQL: SELECT expense_invoices.id AS expense_invoices_id, expense_invoices.invoice_number AS expense_invoices_invoice_number, expense_invoices.date AS expense_invoices_date, expense_invoices.payment_method AS expense_invoices_payment_method, expense_invoices.total_before_tax AS expense_invoices_total_before_tax, expense_invoices.tax_amount AS expense_invoices_tax_amount, expense_invoices.discount_amount AS expense_invoices_discount_amount, expense_invoices.total_after_tax_discount AS expense_invoices_total_after_tax_discount, expense_invoices.status AS expense_invoices_status, expense_invoices.liability_account_code AS expense_invoices_liability_account_code, expense_invoices.created_at AS expense_invoices_created_at, expense_invoices.user_id AS expense_invoices_user_id 
FROM expense_invoices ORDER BY expense_invoices.date DESC
 LIMIT ? OFFSET ?]
[parameters: (50, 0)]
(Background on this error at: https://sqlalche.me/e/20/e3q8)


=== /expenses query build ===
(sqlite3.OperationalError) no such column: expense_invoices.liability_account_code
[SQL: SELECT expense_invoices.id AS expense_invoices_id, expense_invoices.invoice_number AS expense_invoices_invoice_number, expense_invoices.date AS expense_invoices_date, expense_invoices.payment_method AS expense_invoices_payment_method, expense_invoices.total_before_tax AS expense_invoices_total_before_tax, expense_invoices.tax_amount AS expense_invoices_tax_amount, expense_invoices.discount_amount AS expense_invoices_discount_amount, expense_invoices.total_after_tax_discount AS expense_invoices_total_after_tax_discount, expense_invoices.status AS expense_invoices_status, expense_invoices.liability_account_code AS expense_invoices_liability_account_code, expense_invoices.created_at AS expense_invoices_created_at, expense_invoices.user_id AS expense_invoices_user_id 
FROM expense_invoices ORDER BY expense_invoices.date DESC
 LIMIT ? OFFSET ?]
[parameters: (50, 0)]
(Background on this error at: https://sqlalche.me/e/20/e3q8)
Traceback (most recent call last):
  File "C:\Users\DELL\AppData\Local\Packages\PythonSoftwareFoundation.Python.3.11_qbz5n2kfra8p0\LocalCache\local-packages\Python311\site-packages\sqlalchemy\engine\base.py", line 1965, in _exec_single_context
    self.dialect.do_execute(
  File "C:\Users\DELL\AppData\Local\Packages\PythonSoftwareFoundation.Python.3.11_qbz5n2kfra8p0\LocalCache\local-packages\Python311\site-packages\sqlalchemy\engine\default.py", line 921, in do_execute
    cursor.execute(statement, parameters)
sqlite3.OperationalError: no such column: expense_invoices.liability_account_code

The above exception was the direct cause of the following exception:

Traceback (most recent call last):
  File "C:\Users\DELL\Documents\augment-projects\CHINA TOWN-PLACE INDIA\routes\expenses.py", line 337, in expenses
    invs = ExpenseInvoice.query.order_by(ExpenseInvoice.date.desc()).limit(50).all()
           ^^^^^^^^^^^^^^^^^^^^^^^^^^^^^^^^^^^^^^^^^^^^^^^^^^^^^^^^^^^^^^^^^^^^^^^^^
  File "C:\Users\DELL\AppData\Local\Packages\PythonSoftwareFoundation.Python.3.11_qbz5n2kfra8p0\LocalCache\local-packages\Python311\site-packages\sqlalchemy\orm\query.py", line 2692, in all
    return self._iter().all()  # type: ignore
           ^^^^^^^^^^^^
  File "C:\Users\DELL\AppData\Local\Packages\PythonSoftwareFoundation.Python.3.11_qbz5n2kfra8p0\LocalCache\local-packages\Python311\site-packages\sqlalchemy\orm\query.py", line 2846, in _iter
    result: Union[ScalarResult[_T], Result[_T]] = self.session.execute(
                                                  ^^^^^^^^^^^^^^^^^^^^^
  File "C:\Users\DELL\AppData\Local\Packages\PythonSoftwareFoundation.Python.3.11_qbz5n2kfra8p0\LocalCache\local-packages\Python311\site-packages\sqlalchemy\orm\session.py", line 2225, in execute
    return self._execute_internal(
           ^^^^^^^^^^^^^^^^^^^^^^^
  File "C:\Users\DELL\AppData\Local\Packages\PythonSoftwareFoundation.Python.3.11_qbz5n2kfra8p0\LocalCache\local-packages\Python311\site-packages\sqlalchemy\orm\session.py", line 2120, in _execute_internal
    result: Result[Any] = compile_state_cls.orm_execute_statement(
                          ^^^^^^^^^^^^^^^^^^^^^^^^^^^^^^^^^^^^^^^^
  File "C:\Users\DELL\AppData\Local\Packages\PythonSoftwareFoundation.Python.3.11_qbz5n2kfra8p0\LocalCache\local-packages\Python311\site-packages\sqlalchemy\orm\context.py", line 293, in orm_execute_statement
    result = conn.execute(
             ^^^^^^^^^^^^^
  File "C:\Users\DELL\AppData\Local\Packages\PythonSoftwareFoundation.Python.3.11_qbz5n2kfra8p0\LocalCache\local-packages\Python311\site-packages\sqlalchemy\engine\base.py", line 1412, in execute
    return meth(
           ^^^^^
  File "C:\Users\DELL\AppData\Local\Packages\PythonSoftwareFoundation.Python.3.11_qbz5n2kfra8p0\LocalCache\local-packages\Python311\site-packages\sqlalchemy\sql\elements.py", line 483, in _execute_on_connection
    return connection._execute_clauseelement(
           ^^^^^^^^^^^^^^^^^^^^^^^^^^^^^^^^^^
  File "C:\Users\DELL\AppData\Local\Packages\PythonSoftwareFoundation.Python.3.11_qbz5n2kfra8p0\LocalCache\local-packages\Python311\site-packages\sqlalchemy\engine\base.py", line 1635, in _execute_clauseelement
    ret = self._execute_context(
          ^^^^^^^^^^^^^^^^^^^^^^
  File "C:\Users\DELL\AppData\Local\Packages\PythonSoftwareFoundation.Python.3.11_qbz5n2kfra8p0\LocalCache\local-packages\Python311\site-packages\sqlalchemy\engine\base.py", line 1844, in _execute_context
    return self._exec_single_context(
           ^^^^^^^^^^^^^^^^^^^^^^^^^^
  File "C:\Users\DELL\AppData\Local\Packages\PythonSoftwareFoundation.Python.3.11_qbz5n2kfra8p0\LocalCache\local-packages\Python311\site-packages\sqlalchemy\engine\base.py", line 1984, in _exec_single_context
    self._handle_dbapi_exception(
  File "C:\Users\DELL\AppData\Local\Packages\PythonSoftwareFoundation.Python.3.11_qbz5n2kfra8p0\LocalCache\local-packages\Python311\site-packages\sqlalchemy\engine\base.py", line 2339, in _handle_dbapi_exception
    raise sqlalchemy_exception.with_traceback(exc_info[2]) from e
  File "C:\Users\DELL\AppData\Local\Packages\PythonSoftwareFoundation.Python.3.11_qbz5n2kfra8p0\LocalCache\local-packages\Python311\site-packages\sqlalchemy\engine\base.py", line 1965, in _exec_single_context
    self.dialect.do_execute(
  File "C:\Users\DELL\AppData\Local\Packages\PythonSoftwareFoundation.Python.3.11_qbz5n2kfra8p0\LocalCache\local-packages\Python311\site-packages\sqlalchemy\engine\default.py", line 921, in do_execute
    cursor.execute(statement, parameters)
sqlalchemy.exc.OperationalError: (sqlite3.OperationalError) no such column: expense_invoices.liability_account_code
[SQL: SELECT expense_invoices.id AS expense_invoices_id, expense_invoices.invoice_number AS expense_invoices_invoice_number, expense_invoices.date AS expense_invoices_date, expense_invoices.payment_method AS expense_invoices_payment_method, expense_invoices.total_before_tax AS expense_invoices_total_before_tax, expense_invoices.tax_amount AS expense_invoices_tax_amount, expense_invoices.discount_amount AS expense_invoices_discount_amount, expense_invoices.total_after_tax_discount AS expense_invoices_total_after_tax_discount, expense_invoices.status AS expense_invoices_status, expense_invoices.liability_account_code AS expense_invoices_liability_account_code, expense_invoices.created_at AS expense_invoices_created_at, expense_invoices.user_id AS expense_invoices_user_id 
FROM expense_invoices ORDER BY expense_invoices.date DESC
 LIMIT ? OFFSET ?]
[parameters: (50, 0)]
(Background on this error at: https://sqlalche.me/e/20/e3q8)

